[LOG] System::create                           : Header version = 1.10.10. Current version = 1.10.10.
[LOG] Manager::init                            : maxchannels = 256 studioflags = 00000006 flags 00000000 extradriverdata 0000000000000000.
[LOG] SystemI::init                            : Initialize version=11010 (98815), maxchannels=256, flags=0x00020000
[LOG] SystemI::setOutputInternal               : Setting output to 'FMOD WASAPI Output'
[LOG] OutputWASAPI::init                       : Mix Format (WAVEFORMATEX): wFormatTag=0xFFFE, nChannels=2, nSamplesPerSec=48000, nAvgBytesPerSec=384000, nBlockAlign=8, wBitsPerSample=32, cbSize=22.
[LOG] OutputWASAPI::init                       : Mix Format (WAVEFORMATEXTENSIBLE): wValidBitsPerSample=32, dwChannelMask=0x00000003, SubFormat=00000003-0000-0010-8000-00AA00389B71.
[LOG] OutputWASAPI::init                       : Output buffer size: 4096 samples, latency: 0.00ms, period: 10.00ms, DSP buffer: 1024 * 4
[LOG] Thread::initThread                       : Init FMOD stream thread. Priority: 2, Stack Size: 65536, Semaphore: No, Sleep Time: 10, Looping: Yes.
[LOG] Thread::initThread                       : Init FMOD mixer thread. Priority: 3, Stack Size: 49152, Semaphore: No, Sleep Time: 0, Looping: Yes.
[LOG] AsyncManager::init                       : manager 00000000494F9258 isAsync 0 updatePeriod 0.02
[LOG] AsyncManager::init                       : done
[LOG] PlaybackSystem::init                     : 
[LOG] Thread::initThread                       : Init FMOD Studio sample load thread. Priority: 0, Stack Size: 65536, Semaphore: No, Sleep Time: 1, Looping: No.
[LOG] PlaybackSystem::init                     : done
[LOG] Thread::initThread                       : Init FMOD Studio bank load thread. Priority: 0, Stack Size: 65536, Semaphore: No, Sleep Time: 1, Looping: No.
[LOG] Manager::init                            : done.
[LOG] Manager::readBank                        : fileversion = 103, compatVersion = 99 (oldest = 44, newest = 103)
[LOG] AsyncThread::threadFunc                  : Starting Asynchronous operation on sound 0000000024F139B8
[LOG] AsyncThread::threadFunc                  : Finished Asynchronous operation on sound 0000000024F139B8
[LOG] SystemI::createSound                     : filename = Assets\Indiegamefmodproject5\Indiegamefmodproject5\Build\Desktop/Master Bank.bank : mode 02010082
[LOG] SystemI::createSound                     : FMOD_NONBLOCKING specified.  Putting into queue to be opened asynchronously!
[LOG] SystemI::createSound                     : setdata soundi = 0000000024F13658 : node = 0000000049C15FD0
[LOG] SystemI::createSound                     : add node to async list : head = 0000000049D2AA78.  list count = 0
[LOG] AsyncThread::threadFunc                  : Starting Asynchronous operation on sound 0000000024F13658
[LOG] SystemI::createSoundInternal             :     Create name='Assets\Indiegamefmodproject5\Indiegamefmodproject5\Build\Desktop/Master Bank.bank', mode=0x02010082
[LOG] SystemI::createSoundInternal             :     exinfo->cbsize             = 232
[LOG] SystemI::createSoundInternal             :     exinfo->length             = 20020448
[LOG] SystemI::createSoundInternal             :     exinfo->fileoffset         = 116672
[LOG] SystemI::createSoundInternal             :     exinfo->numsubsounds       = 1
[LOG] SystemI::createSoundInternal             :     exinfo->inclusionlist      = 0000000049C160E8
[LOG] SystemI::createSoundInternal             :     exinfo->inclusionlistnum   = 1
[LOG] SystemI::createSoundInternal             :     exinfo->suggestedsoundtype = 5
[LOG] SystemI::createSoundInternal             :     exinfo->initialseekpostype = 1
[LOG] SystemI::createSoundInternal             :     Stream 0/1: name='MFX-human-applause-rock concert-02 (Freeze) [2018-12-04 130915]', format=2, channels=2, frequency=48000, lengthbytes=156672, lengthpcm=590310, pcmblocksize=0, loopstart=0, loopend=0, mode=0x00000000, channelmask=0x00000000, channelorder=0, peakvolume=0.999900.
[LOG] AsyncThread::threadFunc                  : Finished Asynchronous operation on sound 0000000024F13658
[LOG] SoundI::getSubSound                      : sound 0000000024F13658.  Subsound index 0 / 1
[LOG] Manager::readBank                        : fileversion = 103, compatVersion = 99 (oldest = 44, newest = 103)
[LOG] Manager::readBank                        : fileversion = 103, compatVersion = 99 (oldest = 44, newest = 103)
[LOG] SoundI::release                          : MFX-human-applause-rock concert-02 (Freeze) [2018-12-04 130915] (0000000024F13658)
[LOG] SoundI::release                          :     MFX-human-applause-rock concert-02 (Freeze) [2018-12-04 130915] (0000000049D2AE08)
[LOG] SoundI::release                          :     MFX-human-applause-rock concert-02 (Freeze) [2018-12-04 130915] (0000000024F132F8)
[LOG] SoundI::release                          : Magic Fantasy Music - Royalty Free (0000000024F12C38)
[LOG] SoundI::release                          :     Magic Fantasy Music - Royalty Free (0000000049D2A5E8)
[LOG] SoundI::release                          :     Magic Fantasy Music - Royalty Free (0000000024F139B8)
[LOG] SoundI::release                          :  (00000000495D9AC8)
[LOG] SoundI::release                          :     JELMER10 (Freeze) [2018-12-04 130823] (0000000049D29DC8)
[LOG] SoundI::release                          :  (00000000495D9DA8)
[LOG] SoundI::release                          :     376748__zenithinfinitivestudios__fantasy-ui-button-6 (0000000049D29A88)
[LOG] SoundI::release                          :  (00000000495DA4D8)
[LOG] SoundI::release                          :     270401__littlerobotsoundfactory__menu-select-00 (0000000049D2AFA8)
[LOG] Thread::callback                         : FMOD Studio update thread finished.
[LOG] Thread::callback                         : FMOD Studio bank load thread finished.
[LOG] Profile::disconnectAll                   : Profiler disconnecting all clients
[LOG] Thread::callback                         : FMOD Studio sample load thread finished.
[LOG] LiveUpdate::release                      : 
[LOG] LiveUpdate::reset                        : Reset connection (reason Disconnected)
[LOG] Thread::callback                         : FMOD stream thread finished.
[LOG] Thread::callback                         : FMOD mixer thread finished.
[LOG] Profile::disconnectAll                   : Profiler disconnecting all clients
[LOG] SystemI::close                           : Closed.
[LOG] Manager::readBank                        : fileversion = 103, compatVersion = 99 (oldest = 44, newest = 103)
[LOG] Manager::readBank                        : fileversion = 103, compatVersion = 99 (oldest = 44, newest = 103)
[LOG] Manager::readBank                        : fileversion = 103, compatVersion = 99 (oldest = 44, newest = 103)
[LOG] Manager::readBank                        : fileversion = 103, compatVersion = 99 (oldest = 44, newest = 103)
[LOG] Manager::readBank                        : fileversion = 103, compatVersion = 99 (oldest = 44, newest = 103)
[LOG] Manager::readBank                        : fileversion = 103, compatVersion = 99 (oldest = 44, newest = 103)
[LOG] PlaybackSystem::acquireMasterBus         : Setting master channel group format to 6
[LOG] Thread::callback                         : FMOD Studio bank load thread finished.
[LOG] Thread::callback                         : FMOD Studio sample load thread finished.
[LOG] LiveUpdate::release                      : 
[LOG] LiveUpdate::reset                        : Reset connection (reason Disconnected)
[LOG] Thread::callback                         : FMOD stream thread finished.
[LOG] Thread::callback                         : FMOD mixer thread finished.
[LOG] Thread::callback                         : FMOD nonblocking thread (0) finished.
[LOG] Thread::callback                         : FMOD file thread finished.
[LOG] SystemI::close                           : Closed.
